<?xml version="1.0" encoding="UTF-8"?>
<testsuite xmlns:xsi="http://www.w3.org/2001/XMLSchema-instance" xsi:noNamespaceSchemaLocation="https://maven.apache.org/surefire/maven-surefire-plugin/xsd/surefire-test-report-3.0.xsd" version="3.0" name="lindenmayer.TurtleImpTest$PushPop" time="0.003" tests="6" errors="0" skipped="0" failures="0">
  <properties>
[...]
</properties>
  <testcase name="testRotationsRightLeft" classname="lindenmayer.TurtleImpTest" time="0.009"/>
  <testcase name="testInit" classname="lindenmayer.TurtleImpTest" time="0.001"/>
  <testcase name="testGettersAfterSetUnits" classname="lindenmayer.TurtleImpTest" time="0.0"/>
  <testcase name="testDefensiveCopy" classname="lindenmayer.TurtleImpTest" time="0.001"/>
  <testcase name="testPopOnEmptyStackDoesNotCrash" classname="lindenmayer.TurtleImpTest$PushPop" time="0.0">
    <system-err><![CDATA[Stack is empty. Cannot pop.
]]></system-err>
  </testcase>
  <testcase name="testPushPopRoundTrip" classname="lindenmayer.TurtleImpTest$PushPop" time="0.001"/>
</testsuite>